c:\users\даша\source\repos\payload_lab3\payload_lab3\release\vc142.pdb
c:\users\даша\source\repos\payload_lab3\payload_lab3\release\uac.obj
c:\users\даша\source\repos\payload_lab3\payload_lab3\release\shell.obj
c:\users\даша\source\repos\payload_lab3\payload_lab3\release\service.obj
c:\users\даша\source\repos\payload_lab3\payload_lab3\release\payload_lab3.obj
c:\users\даша\source\repos\payload_lab3\payload_lab3\release\emulchk.obj
c:\users\даша\source\repos\payload_lab3\payload_lab3\release\attachment.obj
c:\users\даша\source\repos\payload_lab3\release\payload_lab3.exe
c:\users\даша\source\repos\payload_lab3\release\payload_lab3.pdb
c:\users\даша\source\repos\payload_lab3\release\payload_lab3.ipdb
c:\users\даша\source\repos\payload_lab3\release\payload_lab3.iobj
c:\users\даша\source\repos\payload_lab3\payload_lab3\release\resource.res
c:\users\даша\source\repos\payload_lab3\payload_lab3\release\payload_lab3.tlog\cl.command.1.tlog
c:\users\даша\source\repos\payload_lab3\payload_lab3\release\payload_lab3.tlog\cl.read.1.tlog
c:\users\даша\source\repos\payload_lab3\payload_lab3\release\payload_lab3.tlog\cl.write.1.tlog
c:\users\даша\source\repos\payload_lab3\payload_lab3\release\payload_lab3.tlog\link.command.1.tlog
c:\users\даша\source\repos\payload_lab3\payload_lab3\release\payload_lab3.tlog\link.read.1.tlog
c:\users\даша\source\repos\payload_lab3\payload_lab3\release\payload_lab3.tlog\link.write.1.tlog
c:\users\даша\source\repos\payload_lab3\payload_lab3\release\payload_lab3.tlog\payload_lab3.write.1u.tlog
c:\users\даша\source\repos\payload_lab3\payload_lab3\release\payload_lab3.tlog\rc.command.1.tlog
c:\users\даша\source\repos\payload_lab3\payload_lab3\release\payload_lab3.tlog\rc.read.1.tlog
c:\users\даша\source\repos\payload_lab3\payload_lab3\release\payload_lab3.tlog\rc.write.1.tlog
